<?xml version="1.0" encoding="UTF-8"?>
<!-- Generated by org.testng.reporters.JUnitReportReporter -->
<testsuite hostname="CBT-085" name="com.empiresAndAllies.scripts.HomePageTest" tests="4" failures="0" timestamp="19 Jan 2017 10:02:41 GMT" time="597.291" errors="1">
  <testcase name="bulidguardtower" time="103.432" classname="com.empiresAndAllies.scripts.HomePageTest"/>
  <testcase name="buildTroopTarmac" time="128.460" classname="com.empiresAndAllies.scripts.HomePageTest"/>
  <testcase name="connectfacebook" time="149.277" classname="com.empiresAndAllies.scripts.HomePageTest">
    <error type="org.sikuli.script.FindFailed" message="can not find P(C:\Empire and Allies Framework\Empire and Allies Framework\Project Images\DoneBtn.png) S: 0.7 on the screen.">
      <![CDATA[FindFailed: can not find P(C:\Empire and Allies Framework\Empire and Allies Framework\Project Images\DoneBtn.png) S: 0.7 on the screen.
  Line 1574, in file Region.java

	at org.sikuli.script.Region.handleFindFailed(Region.java:1574)
	at org.sikuli.script.Region.wait(Region.java:1682)
	at com.empiresAndAllies.library.GenericLib.clickImg(GenericLib.java:150)
	at com.empiresAndAllies.scripts.HomePageTest.connectfacebook(HomePageTest.java:432)
	at sun.reflect.NativeMethodAccessorImpl.invoke0(Native Method)
	at sun.reflect.NativeMethodAccessorImpl.invoke(NativeMethodAccessorImpl.java:62)
	at sun.reflect.DelegatingMethodAccessorImpl.invoke(DelegatingMethodAccessorImpl.java:43)
	at java.lang.reflect.Method.invoke(Method.java:497)
	at org.testng.internal.MethodInvocationHelper.invokeMethod(MethodInvocationHelper.java:86)
	at org.testng.internal.Invoker.invokeMethod(Invoker.java:643)
	at org.testng.internal.Invoker.invokeTestMethod(Invoker.java:820)
	at org.testng.internal.Invoker.invokeTestMethods(Invoker.java:1128)
	at org.testng.internal.TestMethodWorker.invokeTestMethods(TestMethodWorker.java:129)
	at org.testng.internal.TestMethodWorker.run(TestMethodWorker.java:112)
	at org.testng.TestRunner.privateRun(TestRunner.java:782)
	at org.testng.TestRunner.run(TestRunner.java:632)
	at org.testng.SuiteRunner.runTest(SuiteRunner.java:366)
	at org.testng.SuiteRunner.runSequentially(SuiteRunner.java:361)
	at org.testng.SuiteRunner.privateRun(SuiteRunner.java:319)
	at org.testng.SuiteRunner.run(SuiteRunner.java:268)
	at org.testng.SuiteRunnerWorker.runSuite(SuiteRunnerWorker.java:52)
	at org.testng.SuiteRunnerWorker.run(SuiteRunnerWorker.java:86)
	at org.testng.TestNG.runSuitesSequentially(TestNG.java:1244)
	at org.testng.TestNG.runSuitesLocally(TestNG.java:1169)
	at org.testng.TestNG.run(TestNG.java:1064)
	at org.testng.remote.RemoteTestNG.run(RemoteTestNG.java:113)
	at org.testng.remote.RemoteTestNG.initAndRun(RemoteTestNG.java:206)
	at org.testng.remote.RemoteTestNG.main(RemoteTestNG.java:177)
]]>
    </error>
  </testcase> <!-- connectfacebook -->
  <testcase name="defaultHomePage" time="216.122" classname="com.empiresAndAllies.scripts.HomePageTest"/>
</testsuite> <!-- com.empiresAndAllies.scripts.HomePageTest -->
